2025-03-21 01:22:04 [eks.manager.aws] [INFO] vpc name is: lab-dev-us-east-1-vpc
2025-03-21 01:22:04 [botocore.credentials] [INFO] Found credentials in environment variables.
2025-03-21 01:22:05 [eks.manager.aws] [INFO] Public subnets: ['subnet-059677775d8dca44d', 'subnet-058617bca8e9e5f18', 'subnet-04807e8e98d911149']
2025-03-21 01:22:05 [eks.manager.aws] [INFO] Private subnets: ['subnet-0d1f86103ab9ce83c', 'subnet-0eaa654c78bb87a38', 'subnet-02bafaec63db63bc3']
2025-03-21 01:22:05 [eks.manager.aws] [INFO] public subnets by az: {'us-east-1c': {'id': 'subnet-059677775d8dca44d'}, 'us-east-1a': {'id': 'subnet-058617bca8e9e5f18'}, 'us-east-1b': {'id': 'subnet-04807e8e98d911149'}}
2025-03-21 01:22:05 [eks.manager.aws] [INFO] private subnets by az: {'us-east-1a': {'id': 'subnet-0d1f86103ab9ce83c'}, 'us-east-1b': {'id': 'subnet-0eaa654c78bb87a38'}, 'us-east-1c': {'id': 'subnet-02bafaec63db63bc3'}}
2025-03-21 01:22:05 [botocore.credentials] [INFO] Found credentials in environment variables.
2025-03-21 01:22:05 [eks.manager.aws] [INFO] Role 'granica-platform-cluster-service-role' already exists.
2025-03-21 01:22:06 [eks.manager.aws] [INFO] Private subnet internal-elb role tags already exist.
2025-03-21 01:22:06 [eks.manager.aws] [INFO] Public subnet elb role tags already exist.
2025-03-21 01:22:06 [botocore.credentials] [INFO] Found credentials in environment variables.
2025-03-21 01:22:07 [eks.manager.aws] [INFO] Created subnet tags with kubernetes.io/cluster/granica-platform = shared
2025-03-21 01:22:07 [eks.manager.aws] [INFO] Creating EKS cluster...
2025-03-21 01:22:09 [eks.manager.aws] [INFO] Waiting for EKS cluster 'granica-platform' to become active...
2025-03-21 01:22:09 [eks.manager.aws] [INFO] Cluster 'granica-platform' is in status 'CREATING'... Elapsed time: 0 seconds.
2025-03-21 01:22:39 [eks.manager.aws] [INFO] Cluster 'granica-platform' is in status 'CREATING'... Elapsed time: 30 seconds.
2025-03-21 01:23:09 [eks.manager.aws] [INFO] Cluster 'granica-platform' is in status 'CREATING'... Elapsed time: 60 seconds.
2025-03-21 01:23:40 [eks.manager.aws] [INFO] Cluster 'granica-platform' is in status 'CREATING'... Elapsed time: 90 seconds.
2025-03-21 01:24:10 [eks.manager.aws] [INFO] Cluster 'granica-platform' is in status 'CREATING'... Elapsed time: 120 seconds.
2025-03-21 01:24:40 [eks.manager.aws] [INFO] Cluster 'granica-platform' is in status 'CREATING'... Elapsed time: 151 seconds.
2025-03-21 01:25:10 [eks.manager.aws] [INFO] Cluster 'granica-platform' is in status 'CREATING'... Elapsed time: 181 seconds.
2025-03-21 01:25:40 [eks.manager.aws] [INFO] Cluster 'granica-platform' is in status 'CREATING'... Elapsed time: 211 seconds.
2025-03-21 01:26:10 [eks.manager.aws] [INFO] Cluster 'granica-platform' is in status 'CREATING'... Elapsed time: 241 seconds.
2025-03-21 01:26:41 [eks.manager.aws] [INFO] Cluster 'granica-platform' is in status 'CREATING'... Elapsed time: 271 seconds.
2025-03-21 01:27:11 [eks.manager.aws] [INFO] Cluster 'granica-platform' is in status 'CREATING'... Elapsed time: 301 seconds.
2025-03-21 01:27:41 [eks.manager.aws] [INFO] Cluster 'granica-platform' is in status 'CREATING'... Elapsed time: 332 seconds.
2025-03-21 01:28:11 [eks.manager.aws] [INFO] Cluster 'granica-platform' is in status 'CREATING'... Elapsed time: 362 seconds.
2025-03-21 01:28:41 [eks.manager.aws] [INFO] Cluster 'granica-platform' is in status 'CREATING'... Elapsed time: 392 seconds.
2025-03-21 01:29:12 [eks.manager.aws] [INFO] Cluster 'granica-platform' is in status 'CREATING'... Elapsed time: 422 seconds.
2025-03-21 01:29:42 [eks.manager.aws] [INFO] Cluster 'granica-platform' is in status 'CREATING'... Elapsed time: 452 seconds.
2025-03-21 01:30:12 [eks.manager.aws] [INFO] Cluster 'granica-platform' is in status 'CREATING'... Elapsed time: 483 seconds.
2025-03-21 01:30:42 [eks.manager.aws] [INFO] Cluster 'granica-platform' is in status 'CREATING'... Elapsed time: 513 seconds.
2025-03-21 01:31:12 [eks.manager.aws] [INFO] Cluster 'granica-platform' is now active! Total time: 543 seconds.
2025-03-21 01:31:12 [eks.manager.utils] [INFO] State saved in MongoDB: default.aws/granica-platform
